15:11:28.557 [main] INFO  ru.otus.java.basic.http.server.MainApplication - Starting the HTTP server...
15:11:28.568 [main] INFO  ru.otus.java.basic.http.server.HttpServer - Starting the HTTP server on port: 8189
15:11:28.568 [main] INFO  ru.otus.java.basic.http.server.HttpServer - Server is running...
15:11:43.771 [pool-2-thread-1] INFO  ru.otus.java.basic.http.server.HttpServer - Handling client connection...
15:11:43.774 [pool-2-thread-1] INFO  ru.otus.java.basic.http.server.HttpRequest - Parsing HTTP request line...
15:11:43.774 [pool-2-thread-1] INFO  ru.otus.java.basic.http.server.HttpRequest - HTTP request line parsed successfully. URI: /add, Method: GET
15:11:43.775 [pool-2-thread-1] INFO  ru.otus.java.basic.http.server.Dispatcher - Executing request for URI: /add
15:11:43.775 [pool-2-thread-1] INFO  ru.otus.java.basic.http.server.Dispatcher - Executing request processor: OperationAddRequestProcessor
15:11:43.775 [pool-2-thread-1] INFO  ru.otus.java.basic.http.server.processors.OperationAddRequestProcessor - Processing OperationAddRequestProcessor...
15:11:43.779 [pool-2-thread-1] INFO  ru.otus.java.basic.http.server.processors.OperationAddRequestProcessor - OperationAddRequestProcessor processed successfully. Result: 7
15:11:43.779 [pool-2-thread-1] INFO  ru.otus.java.basic.http.server.Dispatcher - Request processed successfully.
15:11:43.779 [pool-2-thread-1] INFO  ru.otus.java.basic.http.server.HttpServer - Client connection handled successfully.
15:11:48.309 [pool-2-thread-2] INFO  ru.otus.java.basic.http.server.HttpServer - Handling client connection...
15:11:48.900 [pool-2-thread-2] INFO  ru.otus.java.basic.http.server.HttpRequest - Parsing HTTP request line...
15:11:48.901 [pool-2-thread-2] INFO  ru.otus.java.basic.http.server.HttpRequest - HTTP request line parsed successfully. URI: /add, Method: GET
15:11:48.901 [pool-2-thread-2] INFO  ru.otus.java.basic.http.server.Dispatcher - Executing request for URI: /add
15:11:48.901 [pool-2-thread-2] INFO  ru.otus.java.basic.http.server.Dispatcher - Executing request processor: OperationAddRequestProcessor
15:11:48.901 [pool-2-thread-2] INFO  ru.otus.java.basic.http.server.processors.OperationAddRequestProcessor - Processing OperationAddRequestProcessor...
15:11:48.901 [pool-2-thread-2] INFO  ru.otus.java.basic.http.server.processors.OperationAddRequestProcessor - OperationAddRequestProcessor processed successfully. Result: 6
15:11:48.901 [pool-2-thread-2] INFO  ru.otus.java.basic.http.server.Dispatcher - Request processed successfully.
15:11:48.901 [pool-2-thread-2] INFO  ru.otus.java.basic.http.server.HttpServer - Client connection handled successfully.
15:11:51.779 [pool-2-thread-3] INFO  ru.otus.java.basic.http.server.HttpServer - Handling client connection...
15:11:51.781 [pool-2-thread-3] INFO  ru.otus.java.basic.http.server.HttpRequest - Parsing HTTP request line...
15:11:51.782 [pool-2-thread-5] INFO  ru.otus.java.basic.http.server.HttpServer - Handling client connection...
15:11:51.782 [pool-2-thread-5] INFO  ru.otus.java.basic.http.server.HttpRequest - Parsing HTTP request line...
15:11:51.784 [pool-2-thread-7] INFO  ru.otus.java.basic.http.server.HttpServer - Handling client connection...
15:11:51.784 [pool-2-thread-7] INFO  ru.otus.java.basic.http.server.HttpRequest - Parsing HTTP request line...
15:11:51.785 [pool-2-thread-9] INFO  ru.otus.java.basic.http.server.HttpServer - Handling client connection...
15:11:51.785 [pool-2-thread-9] INFO  ru.otus.java.basic.http.server.HttpRequest - Parsing HTTP request line...
15:11:51.787 [pool-2-thread-11] INFO  ru.otus.java.basic.http.server.HttpServer - Handling client connection...
15:11:51.787 [pool-2-thread-11] INFO  ru.otus.java.basic.http.server.HttpRequest - Parsing HTTP request line...
15:11:51.788 [pool-2-thread-13] INFO  ru.otus.java.basic.http.server.HttpServer - Handling client connection...
15:11:51.788 [pool-2-thread-13] INFO  ru.otus.java.basic.http.server.HttpRequest - Parsing HTTP request line...
15:11:51.789 [pool-2-thread-15] INFO  ru.otus.java.basic.http.server.HttpServer - Handling client connection...
15:11:51.789 [pool-2-thread-15] INFO  ru.otus.java.basic.http.server.HttpRequest - Parsing HTTP request line...
15:11:51.793 [pool-2-thread-17] INFO  ru.otus.java.basic.http.server.HttpServer - Handling client connection...
15:11:51.793 [pool-2-thread-17] INFO  ru.otus.java.basic.http.server.HttpRequest - Parsing HTTP request line...
15:11:51.794 [pool-2-thread-1] INFO  ru.otus.java.basic.http.server.HttpServer - Handling client connection...
15:11:51.794 [pool-2-thread-1] INFO  ru.otus.java.basic.http.server.HttpRequest - Parsing HTTP request line...
15:11:51.795 [pool-2-thread-2] INFO  ru.otus.java.basic.http.server.HttpServer - Handling client connection...
15:11:51.795 [pool-2-thread-2] INFO  ru.otus.java.basic.http.server.HttpRequest - Parsing HTTP request line...
15:11:56.994 [pool-2-thread-4] INFO  ru.otus.java.basic.http.server.HttpServer - Handling client connection...
15:11:56.997 [pool-2-thread-4] INFO  ru.otus.java.basic.http.server.HttpRequest - Parsing HTTP request line...
15:11:56.998 [pool-2-thread-4] INFO  ru.otus.java.basic.http.server.HttpRequest - HTTP request line parsed successfully. URI: /, Method: GET
15:11:56.998 [pool-2-thread-4] INFO  ru.otus.java.basic.http.server.Dispatcher - Executing request for URI: /
15:11:56.998 [pool-2-thread-4] WARN  ru.otus.java.basic.http.server.Dispatcher - Unknown URI. Redirecting to UnknownRequestProcessor.
15:11:56.998 [pool-2-thread-4] WARN  ru.otus.java.basic.http.server.processors.UnknownRequestProcessor - Processing UnknownRequestProcessor...
15:11:56.998 [pool-2-thread-4] WARN  ru.otus.java.basic.http.server.processors.UnknownRequestProcessor - UnknownRequestProcessor processed.
15:11:56.998 [pool-2-thread-4] INFO  ru.otus.java.basic.http.server.HttpServer - Client connection handled successfully.
15:15:29.019 [main] INFO  ru.otus.java.basic.http.server.MainApplication - Starting the HTTP server...
15:15:29.027 [main] INFO  ru.otus.java.basic.http.server.HttpServer - Starting the HTTP server on port: 8189
15:15:29.028 [main] INFO  ru.otus.java.basic.http.server.HttpServer - Server is running...
15:15:43.603 [pool-2-thread-1] INFO  ru.otus.java.basic.http.server.HttpServer - Handling client connection...
15:15:43.606 [pool-2-thread-1] INFO  ru.otus.java.basic.http.server.HttpRequest - Parsing HTTP request line...
15:15:43.607 [pool-2-thread-1] INFO  ru.otus.java.basic.http.server.HttpRequest - HTTP request line parsed successfully. URI: /add, Method: GET
15:15:43.607 [pool-2-thread-1] INFO  ru.otus.java.basic.http.server.Dispatcher - Executing request for URI: /add
15:15:43.607 [pool-2-thread-1] INFO  ru.otus.java.basic.http.server.Dispatcher - Executing request processor: OperationAddRequestProcessor
15:15:43.607 [pool-2-thread-1] INFO  ru.otus.java.basic.http.server.processors.OperationAddRequestProcessor - Processing OperationAddRequestProcessor...
15:15:43.610 [pool-2-thread-1] INFO  ru.otus.java.basic.http.server.processors.OperationAddRequestProcessor - OperationAddRequestProcessor processed successfully. Result: 6
15:15:43.611 [pool-2-thread-1] INFO  ru.otus.java.basic.http.server.Dispatcher - Request processed successfully.
15:15:43.611 [pool-2-thread-1] INFO  ru.otus.java.basic.http.server.HttpServer - Client connection handled successfully.
15:15:52.538 [pool-2-thread-2] INFO  ru.otus.java.basic.http.server.HttpServer - Handling client connection...
15:15:52.540 [pool-2-thread-2] INFO  ru.otus.java.basic.http.server.HttpRequest - Parsing HTTP request line...
15:15:52.540 [pool-2-thread-2] INFO  ru.otus.java.basic.http.server.HttpRequest - HTTP request line parsed successfully. URI: /add, Method: GET
15:15:52.540 [pool-2-thread-2] INFO  ru.otus.java.basic.http.server.Dispatcher - Executing request for URI: /add
15:15:52.540 [pool-2-thread-2] INFO  ru.otus.java.basic.http.server.Dispatcher - Executing request processor: OperationAddRequestProcessor
15:15:52.540 [pool-2-thread-2] INFO  ru.otus.java.basic.http.server.processors.OperationAddRequestProcessor - Processing OperationAddRequestProcessor...
15:15:52.540 [pool-2-thread-2] INFO  ru.otus.java.basic.http.server.processors.OperationAddRequestProcessor - OperationAddRequestProcessor processed successfully. Result: 6
15:15:52.540 [pool-2-thread-2] INFO  ru.otus.java.basic.http.server.Dispatcher - Request processed successfully.
15:15:52.541 [pool-2-thread-2] INFO  ru.otus.java.basic.http.server.HttpServer - Client connection handled successfully.
15:15:58.802 [pool-2-thread-3] INFO  ru.otus.java.basic.http.server.HttpServer - Handling client connection...
15:15:58.804 [pool-2-thread-3] INFO  ru.otus.java.basic.http.server.HttpRequest - Parsing HTTP request line...
15:15:58.804 [pool-2-thread-3] INFO  ru.otus.java.basic.http.server.HttpRequest - HTTP request line parsed successfully. URI: /add, Method: GET
15:15:58.804 [pool-2-thread-3] INFO  ru.otus.java.basic.http.server.Dispatcher - Executing request for URI: /add
15:15:58.804 [pool-2-thread-3] INFO  ru.otus.java.basic.http.server.Dispatcher - Executing request processor: OperationAddRequestProcessor
15:15:58.804 [pool-2-thread-3] INFO  ru.otus.java.basic.http.server.processors.OperationAddRequestProcessor - Processing OperationAddRequestProcessor...
15:15:58.804 [pool-2-thread-3] ERROR ru.otus.java.basic.http.server.processors.OperationAddRequestProcessor - Error processing OperationAddRequestProcessor. Invalid parameters.
java.lang.NumberFormatException: null
	at java.base/java.lang.Integer.parseInt(Integer.java:614) ~[?:?]
	at java.base/java.lang.Integer.parseInt(Integer.java:770) ~[?:?]
	at ru.otus.java.basic.http.server.processors.OperationAddRequestProcessor.execute(OperationAddRequestProcessor.java:24) ~[classes/:?]
	at ru.otus.java.basic.http.server.Dispatcher.execute(Dispatcher.java:43) ~[classes/:?]
	at ru.otus.java.basic.http.server.HttpServer.handleClient(HttpServer.java:61) ~[classes/:?]
	at ru.otus.java.basic.http.server.HttpServer.lambda$start$0(HttpServer.java:39) ~[classes/:?]
	at java.base/java.util.concurrent.ThreadPoolExecutor.runWorker(ThreadPoolExecutor.java:1130) [?:?]
	at java.base/java.util.concurrent.ThreadPoolExecutor$Worker.run(ThreadPoolExecutor.java:630) [?:?]
	at java.base/java.lang.Thread.run(Thread.java:832) [?:?]
15:15:58.813 [pool-2-thread-3] INFO  ru.otus.java.basic.http.server.Dispatcher - Request processed successfully.
15:15:58.813 [pool-2-thread-3] INFO  ru.otus.java.basic.http.server.HttpServer - Client connection handled successfully.
15:16:04.738 [pool-2-thread-4] INFO  ru.otus.java.basic.http.server.HttpServer - Handling client connection...
15:16:04.740 [pool-2-thread-4] INFO  ru.otus.java.basic.http.server.HttpRequest - Parsing HTTP request line...
15:16:04.741 [pool-2-thread-4] INFO  ru.otus.java.basic.http.server.HttpRequest - HTTP request line parsed successfully. URI: /, Method: GET
15:16:04.741 [pool-2-thread-4] INFO  ru.otus.java.basic.http.server.Dispatcher - Executing request for URI: /
15:16:04.741 [pool-2-thread-4] WARN  ru.otus.java.basic.http.server.Dispatcher - Unknown URI. Redirecting to UnknownRequestProcessor.
15:16:04.741 [pool-2-thread-4] WARN  ru.otus.java.basic.http.server.processors.UnknownRequestProcessor - Processing UnknownRequestProcessor...
15:16:04.741 [pool-2-thread-4] WARN  ru.otus.java.basic.http.server.processors.UnknownRequestProcessor - UnknownRequestProcessor processed.
15:16:04.741 [pool-2-thread-4] INFO  ru.otus.java.basic.http.server.HttpServer - Client connection handled successfully.
15:16:17.404 [pool-2-thread-5] INFO  ru.otus.java.basic.http.server.HttpServer - Handling client connection...
15:16:19.524 [pool-2-thread-5] INFO  ru.otus.java.basic.http.server.HttpRequest - Parsing HTTP request line...
15:16:19.524 [pool-2-thread-5] INFO  ru.otus.java.basic.http.server.HttpRequest - HTTP request line parsed successfully. URI: /%D0%B0%D0%BF%D0%B0%D0%BF%D0%B0%D1%8B%D0%B2, Method: GET
15:16:19.524 [pool-2-thread-5] INFO  ru.otus.java.basic.http.server.Dispatcher - Executing request for URI: /%D0%B0%D0%BF%D0%B0%D0%BF%D0%B0%D1%8B%D0%B2
15:16:19.524 [pool-2-thread-5] WARN  ru.otus.java.basic.http.server.Dispatcher - Unknown URI. Redirecting to UnknownRequestProcessor.
15:16:19.525 [pool-2-thread-5] WARN  ru.otus.java.basic.http.server.processors.UnknownRequestProcessor - Processing UnknownRequestProcessor...
15:16:19.525 [pool-2-thread-5] WARN  ru.otus.java.basic.http.server.processors.UnknownRequestProcessor - UnknownRequestProcessor processed.
15:16:19.525 [pool-2-thread-5] INFO  ru.otus.java.basic.http.server.HttpServer - Client connection handled successfully.
15:16:38.559 [pool-2-thread-6] INFO  ru.otus.java.basic.http.server.HttpServer - Handling client connection...
15:16:40.902 [pool-2-thread-6] INFO  ru.otus.java.basic.http.server.HttpRequest - Parsing HTTP request line...
15:16:40.902 [pool-2-thread-6] INFO  ru.otus.java.basic.http.server.HttpRequest - HTTP request line parsed successfully. URI: /hello_world, Method: GET
15:16:40.902 [pool-2-thread-6] INFO  ru.otus.java.basic.http.server.Dispatcher - Executing request for URI: /hello_world
15:16:40.902 [pool-2-thread-6] INFO  ru.otus.java.basic.http.server.Dispatcher - Executing request processor: HelloWorldRequestProcessor
15:16:40.902 [pool-2-thread-6] INFO  ru.otus.java.basic.http.server.processors.HelloWorldRequestProcessor - Processing HelloWorldRequestProcessor...
15:16:40.902 [pool-2-thread-6] INFO  ru.otus.java.basic.http.server.processors.HelloWorldRequestProcessor - HelloWorldRequestProcessor processed successfully.
15:16:40.902 [pool-2-thread-6] INFO  ru.otus.java.basic.http.server.Dispatcher - Request processed successfully.
15:16:40.902 [pool-2-thread-6] INFO  ru.otus.java.basic.http.server.HttpServer - Client connection handled successfully.
15:16:45.763 [pool-2-thread-7] INFO  ru.otus.java.basic.http.server.HttpServer - Handling client connection...
15:16:45.765 [pool-2-thread-7] INFO  ru.otus.java.basic.http.server.HttpRequest - Parsing HTTP request line...
15:16:45.765 [pool-2-thread-7] INFO  ru.otus.java.basic.http.server.HttpRequest - HTTP request line parsed successfully. URI: /hello_world2, Method: GET
15:16:45.765 [pool-2-thread-7] INFO  ru.otus.java.basic.http.server.Dispatcher - Executing request for URI: /hello_world2
15:16:45.765 [pool-2-thread-7] WARN  ru.otus.java.basic.http.server.Dispatcher - Unknown URI. Redirecting to UnknownRequestProcessor.
15:16:45.765 [pool-2-thread-7] WARN  ru.otus.java.basic.http.server.processors.UnknownRequestProcessor - Processing UnknownRequestProcessor...
15:16:45.765 [pool-2-thread-7] WARN  ru.otus.java.basic.http.server.processors.UnknownRequestProcessor - UnknownRequestProcessor processed.
15:16:45.765 [pool-2-thread-7] INFO  ru.otus.java.basic.http.server.HttpServer - Client connection handled successfully.
